c:\users\theo.lidec\source\repos\terminalchess\terminalchess\x64\debug\vc143.pdb
c:\users\theo.lidec\source\repos\terminalchess\terminalchess\x64\debug\vc143.idb
c:\users\theo.lidec\source\repos\terminalchess\terminalchess\x64\debug\main.obj
c:\users\theo.lidec\source\repos\terminalchess\terminalchess\x64\debug\debug.obj
c:\users\theo.lidec\source\repos\terminalchess\terminalchess\x64\debug\piece_id.obj
c:\users\theo.lidec\source\repos\terminalchess\terminalchess\x64\debug\chessboard_symbols.obj
c:\users\theo.lidec\source\repos\terminalchess\terminalchess\x64\debug\terminalchess.ilk
c:\users\theo.lidec\source\repos\terminalchess\x64\debug\terminalchess.pdb
c:\users\theo.lidec\source\repos\terminalchess\terminalchess\x64\debug\terminalchess.tlog\cl.command.1.tlog
c:\users\theo.lidec\source\repos\terminalchess\terminalchess\x64\debug\terminalchess.tlog\cl.items.tlog
c:\users\theo.lidec\source\repos\terminalchess\terminalchess\x64\debug\terminalchess.tlog\cl.read.1.tlog
c:\users\theo.lidec\source\repos\terminalchess\terminalchess\x64\debug\terminalchess.tlog\cl.write.1.tlog
c:\users\theo.lidec\source\repos\terminalchess\terminalchess\x64\debug\terminalchess.tlog\link-cvtres.read.1.tlog
c:\users\theo.lidec\source\repos\terminalchess\terminalchess\x64\debug\terminalchess.tlog\link-cvtres.write.1.tlog
c:\users\theo.lidec\source\repos\terminalchess\terminalchess\x64\debug\terminalchess.tlog\link-rc.read.1.tlog
c:\users\theo.lidec\source\repos\terminalchess\terminalchess\x64\debug\terminalchess.tlog\link-rc.write.1.tlog
c:\users\theo.lidec\source\repos\terminalchess\terminalchess\x64\debug\terminalchess.tlog\link.15028-cvtres.read.1.tlog
c:\users\theo.lidec\source\repos\terminalchess\terminalchess\x64\debug\terminalchess.tlog\link.15028-cvtres.write.1.tlog
c:\users\theo.lidec\source\repos\terminalchess\terminalchess\x64\debug\terminalchess.tlog\link.15028-rc.read.1.tlog
c:\users\theo.lidec\source\repos\terminalchess\terminalchess\x64\debug\terminalchess.tlog\link.15028-rc.write.1.tlog
c:\users\theo.lidec\source\repos\terminalchess\terminalchess\x64\debug\terminalchess.tlog\link.15028.read.1.tlog
c:\users\theo.lidec\source\repos\terminalchess\terminalchess\x64\debug\terminalchess.tlog\link.15028.read.2.tlog
c:\users\theo.lidec\source\repos\terminalchess\terminalchess\x64\debug\terminalchess.tlog\link.15028.write.1.tlog
c:\users\theo.lidec\source\repos\terminalchess\terminalchess\x64\debug\terminalchess.tlog\link.command.1.tlog
c:\users\theo.lidec\source\repos\terminalchess\terminalchess\x64\debug\terminalchess.tlog\link.read.1.tlog
c:\users\theo.lidec\source\repos\terminalchess\terminalchess\x64\debug\terminalchess.tlog\link.read.2.tlog
c:\users\theo.lidec\source\repos\terminalchess\terminalchess\x64\debug\terminalchess.tlog\link.read.3.tlog
c:\users\theo.lidec\source\repos\terminalchess\terminalchess\x64\debug\terminalchess.tlog\link.secondary.1.tlog
c:\users\theo.lidec\source\repos\terminalchess\terminalchess\x64\debug\terminalchess.tlog\link.write.1.tlog
